<?xml version="1.0" encoding="UTF-8"?>
<!-- Generated by org.testng.reporters.JUnitXMLReporter -->
<testsuite hostname="computer8" ignored="5" name="Default test" tests="1" failures="0" timestamp="2020-10-07T08:20:38 IST" time="0.066" errors="0">
  <testcase name="validateProductsAddAPI" time="0.011" classname="testcases.MavenDemoRepo.RestAPITest"/>
  <testcase name="validateLoginAPIFunction" time="0.0" classname="testcases.MavenDemoRepo.RestAPITest">
    <ignored/>
  </testcase> <!-- validateLoginAPIFunction -->
  <testcase name="validateRegisterAPIFunction" time="0.0" classname="testcases.MavenDemoRepo.RestAPITest">
    <ignored/>
  </testcase> <!-- validateRegisterAPIFunction -->
  <testcase name="validateHeaderTest" time="0.0" classname="testcases.MavenDemoRepo.RestAPITest">
    <ignored/>
  </testcase> <!-- validateHeaderTest -->
  <testcase name="validateTitleTest" time="0.0" classname="testcases.MavenDemoRepo.RestAPITest">
    <ignored/>
  </testcase> <!-- validateTitleTest -->
  <testcase name="validateLogoPresenceTest" time="0.0" classname="testcases.MavenDemoRepo.RestAPITest">
    <ignored/>
  </testcase> <!-- validateLogoPresenceTest -->
</testsuite> <!-- Default test -->
