<?xml version="1.0" encoding="UTF-8"?>
<!-- Generated by org.testng.reporters.JUnitXMLReporter -->
<testsuite hostname="computer8" ignored="2" name="Test" tests="9" failures="0" timestamp="2020-10-03T12:12:30 IST" time="0.184" errors="0">
  <testcase name="validateTitleTest" time="0.01" classname="testcases.MavenDemoRepo.RestAPITest"/>
  <testcase name="validateHeaderTest" time="0.002" classname="testcases.MavenDemoRepo.RestAPITest"/>
  <testcase name="validateLogoPresenceTest" time="0.002" classname="testcases.MavenDemoRepo.RestAPITest"/>
  <testcase name="validateTitleTest" time="0.001" classname="testcases.MavenDemoRepo.SeleniumTest"/>
  <testcase name="validateHeaderTest" time="0.003" classname="testcases.MavenDemoRepo.SeleniumTest"/>
  <testcase name="validateLogoPresenceTest" time="0.002" classname="testcases.MavenDemoRepo.SeleniumTest"/>
  <testcase name="validateTitleTest" time="0.001" classname="testcases.MavenDemoRepo.AppiumTest"/>
  <testcase name="validateHeaderTest" time="0.001" classname="testcases.MavenDemoRepo.AppiumTest"/>
  <testcase name="validateLogoPresenceTest" time="0.002" classname="testcases.MavenDemoRepo.AppiumTest"/>
  <testcase name="@AfterSuite triggerTestReports" time="0.0" classname="testcases.MavenDemoRepo.BaseTest">
    <ignored/>
  </testcase> <!-- @AfterSuite triggerTestReports -->
  <testcase name="@AfterSuite triggerTestReports" time="0.0" classname="testcases.MavenDemoRepo.BaseTest">
    <ignored/>
  </testcase> <!-- @AfterSuite triggerTestReports -->
</testsuite> <!-- Test -->
