<?xml version="1.0" encoding="UTF-8"?>
<testng-results skipped="0" failed="0" ignored="2" total="11" passed="9">
  <reporter-output>
  </reporter-output>
  <suite name="Suite" duration-ms="184" started-at="2020-10-03T12:12:30 IST" finished-at="2020-10-03T12:12:30 IST">
    <groups>
    </groups>
    <test name="Test" duration-ms="184" started-at="2020-10-03T12:12:30 IST" finished-at="2020-10-03T12:12:30 IST">
      <class name="testcases.MavenDemoRepo.SeleniumTest">
        <test-method status="PASS" signature="validateTitleTest()[pri:1, instance:testcases.MavenDemoRepo.SeleniumTest@614ddd49]" name="validateTitleTest" duration-ms="1" started-at="2020-10-03T12:12:30 IST" finished-at="2020-10-03T12:12:30 IST">
          <reporter-output>
          </reporter-output>
        </test-method> <!-- validateTitleTest -->
        <test-method status="PASS" signature="browserInitialization()[pri:0, instance:testcases.MavenDemoRepo.SeleniumTest@614ddd49]" name="browserInitialization" is-config="true" duration-ms="0" started-at="2020-10-03T12:12:30 IST" finished-at="2020-10-03T12:12:30 IST">
          <reporter-output>
          </reporter-output>
        </test-method> <!-- browserInitialization -->
        <test-method status="PASS" signature="tearDown()[pri:0, instance:testcases.MavenDemoRepo.SeleniumTest@614ddd49]" name="tearDown" is-config="true" duration-ms="1" started-at="2020-10-03T12:12:30 IST" finished-at="2020-10-03T12:12:30 IST">
          <reporter-output>
          </reporter-output>
        </test-method> <!-- tearDown -->
        <test-method status="PASS" signature="browserInitialization()[pri:0, instance:testcases.MavenDemoRepo.SeleniumTest@614ddd49]" name="browserInitialization" is-config="true" duration-ms="0" started-at="2020-10-03T12:12:30 IST" finished-at="2020-10-03T12:12:30 IST">
          <reporter-output>
          </reporter-output>
        </test-method> <!-- browserInitialization -->
        <test-method status="PASS" signature="validateHeaderTest()[pri:2, instance:testcases.MavenDemoRepo.SeleniumTest@614ddd49]" name="validateHeaderTest" duration-ms="3" started-at="2020-10-03T12:12:30 IST" finished-at="2020-10-03T12:12:30 IST">
          <reporter-output>
          </reporter-output>
        </test-method> <!-- validateHeaderTest -->
        <test-method status="PASS" signature="tearDown()[pri:0, instance:testcases.MavenDemoRepo.SeleniumTest@614ddd49]" name="tearDown" is-config="true" duration-ms="0" started-at="2020-10-03T12:12:30 IST" finished-at="2020-10-03T12:12:30 IST">
          <reporter-output>
          </reporter-output>
        </test-method> <!-- tearDown -->
        <test-method status="PASS" signature="validateLogoPresenceTest()[pri:3, instance:testcases.MavenDemoRepo.SeleniumTest@614ddd49]" name="validateLogoPresenceTest" duration-ms="2" started-at="2020-10-03T12:12:30 IST" finished-at="2020-10-03T12:12:30 IST">
          <reporter-output>
          </reporter-output>
        </test-method> <!-- validateLogoPresenceTest -->
        <test-method status="PASS" signature="browserInitialization()[pri:0, instance:testcases.MavenDemoRepo.SeleniumTest@614ddd49]" name="browserInitialization" is-config="true" duration-ms="0" started-at="2020-10-03T12:12:30 IST" finished-at="2020-10-03T12:12:30 IST">
          <reporter-output>
          </reporter-output>
        </test-method> <!-- browserInitialization -->
        <test-method status="PASS" signature="tearDown()[pri:0, instance:testcases.MavenDemoRepo.SeleniumTest@614ddd49]" name="tearDown" is-config="true" duration-ms="0" started-at="2020-10-03T12:12:30 IST" finished-at="2020-10-03T12:12:30 IST">
          <reporter-output>
          </reporter-output>
        </test-method> <!-- tearDown -->
      </class> <!-- testcases.MavenDemoRepo.SeleniumTest -->
      <class name="testcases.MavenDemoRepo.RestAPITest">
        <test-method status="PASS" signature="browserInitialization()[pri:0, instance:testcases.MavenDemoRepo.RestAPITest@76707e36]" name="browserInitialization" is-config="true" duration-ms="75" started-at="2020-10-03T12:12:30 IST" finished-at="2020-10-03T12:12:30 IST">
          <reporter-output>
          </reporter-output>
        </test-method> <!-- browserInitialization -->
        <test-method status="PASS" signature="validateTitleTest()[pri:1, instance:testcases.MavenDemoRepo.RestAPITest@76707e36]" name="validateTitleTest" duration-ms="10" started-at="2020-10-03T12:12:30 IST" finished-at="2020-10-03T12:12:30 IST">
          <reporter-output>
          </reporter-output>
        </test-method> <!-- validateTitleTest -->
        <test-method status="PASS" signature="tearDown()[pri:0, instance:testcases.MavenDemoRepo.RestAPITest@76707e36]" name="tearDown" is-config="true" duration-ms="0" started-at="2020-10-03T12:12:30 IST" finished-at="2020-10-03T12:12:30 IST">
          <reporter-output>
          </reporter-output>
        </test-method> <!-- tearDown -->
        <test-method status="PASS" signature="browserInitialization()[pri:0, instance:testcases.MavenDemoRepo.RestAPITest@76707e36]" name="browserInitialization" is-config="true" duration-ms="0" started-at="2020-10-03T12:12:30 IST" finished-at="2020-10-03T12:12:30 IST">
          <reporter-output>
          </reporter-output>
        </test-method> <!-- browserInitialization -->
        <test-method status="PASS" signature="validateHeaderTest()[pri:2, instance:testcases.MavenDemoRepo.RestAPITest@76707e36]" name="validateHeaderTest" duration-ms="2" started-at="2020-10-03T12:12:30 IST" finished-at="2020-10-03T12:12:30 IST">
          <reporter-output>
          </reporter-output>
        </test-method> <!-- validateHeaderTest -->
        <test-method status="PASS" signature="tearDown()[pri:0, instance:testcases.MavenDemoRepo.RestAPITest@76707e36]" name="tearDown" is-config="true" duration-ms="0" started-at="2020-10-03T12:12:30 IST" finished-at="2020-10-03T12:12:30 IST">
          <reporter-output>
          </reporter-output>
        </test-method> <!-- tearDown -->
        <test-method status="PASS" signature="browserInitialization()[pri:0, instance:testcases.MavenDemoRepo.RestAPITest@76707e36]" name="browserInitialization" is-config="true" duration-ms="1" started-at="2020-10-03T12:12:30 IST" finished-at="2020-10-03T12:12:30 IST">
          <reporter-output>
          </reporter-output>
        </test-method> <!-- browserInitialization -->
        <test-method status="PASS" signature="validateLogoPresenceTest()[pri:3, instance:testcases.MavenDemoRepo.RestAPITest@76707e36]" name="validateLogoPresenceTest" duration-ms="2" started-at="2020-10-03T12:12:30 IST" finished-at="2020-10-03T12:12:30 IST">
          <reporter-output>
          </reporter-output>
        </test-method> <!-- validateLogoPresenceTest -->
        <test-method status="PASS" signature="tearDown()[pri:0, instance:testcases.MavenDemoRepo.RestAPITest@76707e36]" name="tearDown" is-config="true" duration-ms="0" started-at="2020-10-03T12:12:30 IST" finished-at="2020-10-03T12:12:30 IST">
          <reporter-output>
          </reporter-output>
        </test-method> <!-- tearDown -->
        <test-method status="PASS" signature="triggerTestReports()[pri:0, instance:testcases.MavenDemoRepo.RestAPITest@76707e36]" name="triggerTestReports" is-config="true" duration-ms="0" started-at="2020-10-03T12:12:30 IST" finished-at="2020-10-03T12:12:30 IST">
          <reporter-output>
          </reporter-output>
        </test-method> <!-- triggerTestReports -->
      </class> <!-- testcases.MavenDemoRepo.RestAPITest -->
      <class name="testcases.MavenDemoRepo.AppiumTest">
        <test-method status="PASS" signature="validateTitleTest()[pri:1, instance:testcases.MavenDemoRepo.AppiumTest@1f554b06]" name="validateTitleTest" duration-ms="1" started-at="2020-10-03T12:12:30 IST" finished-at="2020-10-03T12:12:30 IST">
          <reporter-output>
          </reporter-output>
        </test-method> <!-- validateTitleTest -->
        <test-method status="PASS" signature="browserInitialization()[pri:0, instance:testcases.MavenDemoRepo.AppiumTest@1f554b06]" name="browserInitialization" is-config="true" duration-ms="0" started-at="2020-10-03T12:12:30 IST" finished-at="2020-10-03T12:12:30 IST">
          <reporter-output>
          </reporter-output>
        </test-method> <!-- browserInitialization -->
        <test-method status="PASS" signature="tearDown()[pri:0, instance:testcases.MavenDemoRepo.AppiumTest@1f554b06]" name="tearDown" is-config="true" duration-ms="1" started-at="2020-10-03T12:12:30 IST" finished-at="2020-10-03T12:12:30 IST">
          <reporter-output>
          </reporter-output>
        </test-method> <!-- tearDown -->
        <test-method status="PASS" signature="browserInitialization()[pri:0, instance:testcases.MavenDemoRepo.AppiumTest@1f554b06]" name="browserInitialization" is-config="true" duration-ms="1" started-at="2020-10-03T12:12:30 IST" finished-at="2020-10-03T12:12:30 IST">
          <reporter-output>
          </reporter-output>
        </test-method> <!-- browserInitialization -->
        <test-method status="PASS" signature="validateHeaderTest()[pri:2, instance:testcases.MavenDemoRepo.AppiumTest@1f554b06]" name="validateHeaderTest" duration-ms="1" started-at="2020-10-03T12:12:30 IST" finished-at="2020-10-03T12:12:30 IST">
          <reporter-output>
          </reporter-output>
        </test-method> <!-- validateHeaderTest -->
        <test-method status="PASS" signature="tearDown()[pri:0, instance:testcases.MavenDemoRepo.AppiumTest@1f554b06]" name="tearDown" is-config="true" duration-ms="0" started-at="2020-10-03T12:12:30 IST" finished-at="2020-10-03T12:12:30 IST">
          <reporter-output>
          </reporter-output>
        </test-method> <!-- tearDown -->
        <test-method status="PASS" signature="browserInitialization()[pri:0, instance:testcases.MavenDemoRepo.AppiumTest@1f554b06]" name="browserInitialization" is-config="true" duration-ms="1" started-at="2020-10-03T12:12:30 IST" finished-at="2020-10-03T12:12:30 IST">
          <reporter-output>
          </reporter-output>
        </test-method> <!-- browserInitialization -->
        <test-method status="PASS" signature="validateLogoPresenceTest()[pri:3, instance:testcases.MavenDemoRepo.AppiumTest@1f554b06]" name="validateLogoPresenceTest" duration-ms="2" started-at="2020-10-03T12:12:30 IST" finished-at="2020-10-03T12:12:30 IST">
          <reporter-output>
          </reporter-output>
        </test-method> <!-- validateLogoPresenceTest -->
        <test-method status="PASS" signature="tearDown()[pri:0, instance:testcases.MavenDemoRepo.AppiumTest@1f554b06]" name="tearDown" is-config="true" duration-ms="1" started-at="2020-10-03T12:12:30 IST" finished-at="2020-10-03T12:12:30 IST">
          <reporter-output>
          </reporter-output>
        </test-method> <!-- tearDown -->
      </class> <!-- testcases.MavenDemoRepo.AppiumTest -->
    </test> <!-- Test -->
  </suite> <!-- Suite -->
</testng-results>
