<?xml version="1.0" encoding="UTF-8"?>
<testng-results skipped="0" failed="0" ignored="5" total="6" passed="1">
  <reporter-output>
  </reporter-output>
  <suite name="Default suite" duration-ms="66" started-at="2020-10-07T08:20:38 IST" finished-at="2020-10-07T08:20:38 IST">
    <groups>
    </groups>
    <test name="Default test" duration-ms="66" started-at="2020-10-07T08:20:38 IST" finished-at="2020-10-07T08:20:38 IST">
      <class name="testcases.MavenDemoRepo.RestAPITest">
        <test-method status="PASS" signature="browserInitialization()[pri:0, instance:testcases.MavenDemoRepo.RestAPITest@4f063c0a]" name="browserInitialization" is-config="true" duration-ms="7" started-at="2020-10-07T08:20:38 IST" finished-at="2020-10-07T08:20:38 IST">
          <reporter-output>
          </reporter-output>
        </test-method> <!-- browserInitialization -->
        <test-method status="PASS" signature="validateProductsAddAPI()[pri:6, instance:testcases.MavenDemoRepo.RestAPITest@4f063c0a]" name="validateProductsAddAPI" duration-ms="11" started-at="2020-10-07T08:20:38 IST" finished-at="2020-10-07T08:20:38 IST">
          <reporter-output>
          </reporter-output>
        </test-method> <!-- validateProductsAddAPI -->
        <test-method status="PASS" signature="tearDown()[pri:0, instance:testcases.MavenDemoRepo.RestAPITest@4f063c0a]" name="tearDown" is-config="true" duration-ms="0" started-at="2020-10-07T08:20:38 IST" finished-at="2020-10-07T08:20:38 IST">
          <reporter-output>
          </reporter-output>
        </test-method> <!-- tearDown -->
        <test-method status="PASS" signature="triggerTestReports()[pri:0, instance:testcases.MavenDemoRepo.RestAPITest@4f063c0a]" name="triggerTestReports" is-config="true" duration-ms="1" started-at="2020-10-07T08:20:38 IST" finished-at="2020-10-07T08:20:38 IST">
          <reporter-output>
          </reporter-output>
        </test-method> <!-- triggerTestReports -->
      </class> <!-- testcases.MavenDemoRepo.RestAPITest -->
    </test> <!-- Default test -->
  </suite> <!-- Default suite -->
</testng-results>
